Flutter crash report; please file at https://github.com/flutter/flutter/issues.

## command

flutter run

## exception

FormatException: FormatException: Bad UTF-8 encoding 0x3f (at offset 7)

```
#0      _Utf8Decoder.convert (dart:convert/utf.dart:490)
#1      _Utf8ConversionSink.addSlice (dart:convert/string_conversion.dart:345)
#2      _Utf8ConversionSink.add (dart:convert/string_conversion.dart:341)
#3      _ConverterStreamEventSink.add (dart:convert/chunked_conversion.dart:86)
#4      _SinkTransformerStreamSubscription._handleData (dart:async/stream_transformers.dart:120)
#5      _rootRunUnary (dart:async/zone.dart:1134)
#6      _CustomZone.runUnary (dart:async/zone.dart:1031)
#7      _CustomZone.runUnaryGuarded (dart:async/zone.dart:933)
#8      _BufferingStreamSubscription._sendData (dart:async/stream_impl.dart:330)
#9      _BufferingStreamSubscription._add (dart:async/stream_impl.dart:257)
#10     _StreamController&&_SyncStreamControllerDispatch._sendData (dart:async/stream_controller.dart:763)
#11     _StreamController._add (dart:async/stream_controller.dart:639)
#12     _StreamController.add (dart:async/stream_controller.dart:585)
#13     _Socket._onData (dart:io-patch/socket_patch.dart:1672)
#14     _rootRunUnary (dart:async/zone.dart:1138)
#15     _CustomZone.runUnary (dart:async/zone.dart:1031)
#16     _CustomZone.runUnaryGuarded (dart:async/zone.dart:933)
#17     _BufferingStreamSubscription._sendData (dart:async/stream_impl.dart:330)
#18     _BufferingStreamSubscription._add (dart:async/stream_impl.dart:257)
#19     _StreamController&&_SyncStreamControllerDispatch._sendData (dart:async/stream_controller.dart:763)
#20     _StreamController._add (dart:async/stream_controller.dart:639)
#21     _StreamController.add (dart:async/stream_controller.dart:585)
#22     new _RawSocket.<anonymous closure> (dart:io-patch/socket_patch.dart:1245)
#23     _NativeSocket.issueReadEvent.issue (dart:io-patch/socket_patch.dart:797)
#24     _microtaskLoop (dart:async/schedule_microtask.dart:41)
#25     _startMicrotaskLoop (dart:async/schedule_microtask.dart:50)
#26     _runPendingImmediateCallback (dart:isolate-patch/dart:isolate/isolate_patch.dart:113)
#27     _RawReceivePortImpl._handleMessage (dart:isolate-patch/dart:isolate/isolate_patch.dart:166)
```

## flutter doctor

```
[✓] Flutter (Channel beta, v0.5.1, on Microsoft Windows [Version 10.0.17134.137], locale en-US)
    • Flutter version 0.5.1 at E:\Work\flutter
    • Framework revision c7ea3ca377 (6 weeks ago), 2018-05-29 21:07:33 +0200
    • Engine revision 1ed25ca7b7
    • Dart version 2.0.0-dev.58.0.flutter-f981f09760

[!] Android toolchain - develop for Android devices (Android SDK 27.0.0)
    • Android SDK at C:\Users\benyb\AppData\Local\Android\sdk
    • Android NDK location not configured (optional; useful for native profiling support)
    • Platform android-27, build-tools 27.0.0
    • Java binary at: C:\Program Files\Android\Android Studio\jre\bin\java
    • Java version OpenJDK Runtime Environment (build 1.8.0_152-release-915-b01)
    ✗ Android license status unknown.

[✓] Android Studio (version 3.0)
    • Android Studio at C:\Program Files\Android\Android Studio
    ✗ Flutter plugin not installed; this adds Flutter specific functionality.
    ✗ Dart plugin not installed; this adds Dart specific functionality.
    • Java version OpenJDK Runtime Environment (build 1.8.0_152-release-915-b01)

[✓] IntelliJ IDEA Community Edition (version 2017.2)
    • IntelliJ at C:\Program Files\JetBrains\IntelliJ IDEA Community Edition 2017.2.2
    • Flutter plugin version 21.2.2
    • Dart plugin version 172.3757.55

[!] VS Code, 64-bit edition (version 1.24.1)
    • VS Code at C:\Program Files\Microsoft VS Code
    • Flutter extension not installed; install from
      https://marketplace.visualstudio.com/items?itemName=Dart-Code.flutter

[✓] Connected devices (1 available)
    • Redmi 5 Plus • 2bb4c1239805 • android-arm64 • Android 7.1.2 (API 25)

! Doctor found issues in 2 categories.
```
